j:\北科大\微處理機\專題\codes\vb\windows\windows\debug\vc141.pdb
j:\北科大\微處理機\專題\codes\vb\windows\windows\debug\.netframework,version=v4.5.assemblyattributes.obj
j:\北科大\微處理機\專題\codes\vb\windows\windows\debug\.netframework,version=v4.5.assemblyattributes.asm
j:\北科大\微處理機\專題\codes\vb\windows\windows\debug\myform.obj
j:\北科大\微處理機\專題\codes\vb\windows\windows\debug\windows.myform.resources
j:\北科大\微處理機\專題\codes\vb\windows\windows\debug\windows.vcxproj.generateresource.cache
j:\北科大\微處理機\專題\codes\vb\windows\windows\debug\windows.vcxprojassemblyreference.cache
j:\北科大\微處理機\專題\codes\vb\windows\debug\windows.pdb
j:\北科大\微處理機\專題\codes\vb\windows\windows\debug\windows.tlog\cl.command.1.tlog
j:\北科大\微處理機\專題\codes\vb\windows\windows\debug\windows.tlog\cl.read.1.tlog
j:\北科大\微處理機\專題\codes\vb\windows\windows\debug\windows.tlog\cl.write.1.tlog
j:\北科大\微處理機\專題\codes\vb\windows\windows\debug\windows.tlog\link.10140-cvtres.read.1.tlog
j:\北科大\微處理機\專題\codes\vb\windows\windows\debug\windows.tlog\link.10140-cvtres.write.1.tlog
j:\北科大\微處理機\專題\codes\vb\windows\windows\debug\windows.tlog\link.10140-rc.read.1.tlog
j:\北科大\微處理機\專題\codes\vb\windows\windows\debug\windows.tlog\link.10140-rc.write.1.tlog
j:\北科大\微處理機\專題\codes\vb\windows\windows\debug\windows.tlog\link.10140.read.1.tlog
j:\北科大\微處理機\專題\codes\vb\windows\windows\debug\windows.tlog\link.10140.write.1.tlog
j:\北科大\微處理機\專題\codes\vb\windows\windows\debug\windows.tlog\link.11660-cvtres.read.1.tlog
j:\北科大\微處理機\專題\codes\vb\windows\windows\debug\windows.tlog\link.11660-cvtres.write.1.tlog
j:\北科大\微處理機\專題\codes\vb\windows\windows\debug\windows.tlog\link.11660-rc.read.1.tlog
j:\北科大\微處理機\專題\codes\vb\windows\windows\debug\windows.tlog\link.11660-rc.write.1.tlog
j:\北科大\微處理機\專題\codes\vb\windows\windows\debug\windows.tlog\link.11660.read.1.tlog
j:\北科大\微處理機\專題\codes\vb\windows\windows\debug\windows.tlog\link.11660.write.1.tlog
j:\北科大\微處理機\專題\codes\vb\windows\windows\debug\windows.tlog\link.17532-cvtres.read.1.tlog
j:\北科大\微處理機\專題\codes\vb\windows\windows\debug\windows.tlog\link.17532-cvtres.write.1.tlog
j:\北科大\微處理機\專題\codes\vb\windows\windows\debug\windows.tlog\link.17532-rc.read.1.tlog
j:\北科大\微處理機\專題\codes\vb\windows\windows\debug\windows.tlog\link.17532-rc.write.1.tlog
j:\北科大\微處理機\專題\codes\vb\windows\windows\debug\windows.tlog\link.17532.read.1.tlog
j:\北科大\微處理機\專題\codes\vb\windows\windows\debug\windows.tlog\link.17532.write.1.tlog
j:\北科大\微處理機\專題\codes\vb\windows\windows\debug\windows.tlog\link.18584-cvtres.read.1.tlog
j:\北科大\微處理機\專題\codes\vb\windows\windows\debug\windows.tlog\link.18584-cvtres.write.1.tlog
j:\北科大\微處理機\專題\codes\vb\windows\windows\debug\windows.tlog\link.18584-rc.read.1.tlog
j:\北科大\微處理機\專題\codes\vb\windows\windows\debug\windows.tlog\link.18584-rc.write.1.tlog
j:\北科大\微處理機\專題\codes\vb\windows\windows\debug\windows.tlog\link.18584.read.1.tlog
j:\北科大\微處理機\專題\codes\vb\windows\windows\debug\windows.tlog\link.18584.write.1.tlog
j:\北科大\微處理機\專題\codes\vb\windows\windows\debug\windows.tlog\link.4152-cvtres.read.1.tlog
j:\北科大\微處理機\專題\codes\vb\windows\windows\debug\windows.tlog\link.4152-cvtres.write.1.tlog
j:\北科大\微處理機\專題\codes\vb\windows\windows\debug\windows.tlog\link.4152-rc.read.1.tlog
j:\北科大\微處理機\專題\codes\vb\windows\windows\debug\windows.tlog\link.4152-rc.write.1.tlog
j:\北科大\微處理機\專題\codes\vb\windows\windows\debug\windows.tlog\link.4152.read.1.tlog
j:\北科大\微處理機\專題\codes\vb\windows\windows\debug\windows.tlog\link.4152.write.1.tlog
j:\北科大\微處理機\專題\codes\vb\windows\windows\debug\windows.tlog\link.4716-cvtres.read.1.tlog
j:\北科大\微處理機\專題\codes\vb\windows\windows\debug\windows.tlog\link.4716-cvtres.write.1.tlog
j:\北科大\微處理機\專題\codes\vb\windows\windows\debug\windows.tlog\link.4716-rc.read.1.tlog
j:\北科大\微處理機\專題\codes\vb\windows\windows\debug\windows.tlog\link.4716-rc.write.1.tlog
j:\北科大\微處理機\專題\codes\vb\windows\windows\debug\windows.tlog\link.4716.read.1.tlog
j:\北科大\微處理機\專題\codes\vb\windows\windows\debug\windows.tlog\link.4716.write.1.tlog
j:\北科大\微處理機\專題\codes\vb\windows\windows\debug\windows.tlog\link.7852-cvtres.read.1.tlog
j:\北科大\微處理機\專題\codes\vb\windows\windows\debug\windows.tlog\link.7852-cvtres.write.1.tlog
j:\北科大\微處理機\專題\codes\vb\windows\windows\debug\windows.tlog\link.7852-rc.read.1.tlog
j:\北科大\微處理機\專題\codes\vb\windows\windows\debug\windows.tlog\link.7852-rc.write.1.tlog
j:\北科大\微處理機\專題\codes\vb\windows\windows\debug\windows.tlog\link.7852.read.1.tlog
j:\北科大\微處理機\專題\codes\vb\windows\windows\debug\windows.tlog\link.7852.write.1.tlog
j:\北科大\微處理機\專題\codes\vb\windows\windows\debug\windows.tlog\link.command.1.tlog
j:\北科大\微處理機\專題\codes\vb\windows\windows\debug\windows.tlog\link.read.1.tlog
j:\北科大\微處理機\專題\codes\vb\windows\windows\debug\windows.tlog\link.write.1.tlog
j:\北科大\微處理機\專題\codes\vb\windows\windows\debug\windows.tlog\metagen.read.1.tlog
j:\北科大\微處理機\專題\codes\vb\windows\windows\debug\windows.tlog\metagen.write.1.tlog
j:\北科大\微處理機\專題\codes\vb\windows\windows\debug\windows.tlog\windows.write.1u.tlog
